Added Component: Designator=C1(CN1)
Added Component: Designator=C2(CN1)
Added Component: Designator=C3(CN1)
Added Component: Designator=C4(CN1)
Added Component: Designator=D1(D1A)
Added Component: Designator=D2(D1A)
Added Component: Designator=D3(D1A)
Added Component: Designator=D4(D1A)
Added Component: Designator=D5(D1A)
Added Component: Designator=D6(D1A)
Added Component: Designator=D7(D1A)
Added Component: Designator=D8(D1A)
Added Component: Designator=D9(D1A)
Added Component: Designator=D10(D1A)
Added Component: Designator=F1(Fuse)
Added Component: Designator=F2(Fuse)
Added Component: Designator=F3(Fuse)
Added Component: Designator=F4(Fuse)
Added Component: Designator=Q1(QTO-220)
Added Component: Designator=Q2(QTO-220)
Added Component: Designator=Q3(QTO-220)
Added Component: Designator=Q4(QTO-220)
Added Component: Designator=Q5(QTO-220)
Added Component: Designator=Q6(QTO-220)
Added Component: Designator=R1(R5W)
Added Component: Designator=R2(R5W)
Added Component: Designator=R3(R5W)
Added Component: Designator=R4(R5W)
Added Component: Designator=R5(R1/4W)
Added Component: Designator=R6(R1/4W)
Added Component: Designator=R7(R1/4W)
Added Component: Designator=R8(R1/4W)
Added Component: Designator=R9(R1/4W)
Added Component: Designator=R10(R1/4W)
Added Component: Designator=U1(ASA Series)
Added Component: Designator=U2(ASA Series)
Added Pin To Net: NetName=GND Pin=C1-2
Added Pin To Net: NetName=GND Pin=C2-2
Added Pin To Net: NetName=GND Pin=U1-1
Added Pin To Net: NetName=GND Pin=U1-2
Added Pin To Net: NetName=GND Pin=U2-1
Added Pin To Net: NetName=GND Pin=U2-2
Added Net: Name=GND
Added Pin To Net: NetName=N01 Pin=C3-1
Added Pin To Net: NetName=N01 Pin=C4-1
Added Pin To Net: NetName=N01 Pin=D3-1
Added Pin To Net: NetName=N01 Pin=D7-1
Added Pin To Net: NetName=N01 Pin=Q1-3
Added Pin To Net: NetName=N01 Pin=Q2-3
Added Pin To Net: NetName=N01 Pin=Q3-3
Added Pin To Net: NetName=N01 Pin=Q4-3
Added Pin To Net: NetName=N01 Pin=Q5-3
Added Pin To Net: NetName=N01 Pin=Q6-3
Added Pin To Net: NetName=N01 Pin=R5-1
Added Pin To Net: NetName=N01 Pin=R6-1
Added Pin To Net: NetName=N01 Pin=R7-1
Added Pin To Net: NetName=N01 Pin=R8-1
Added Pin To Net: NetName=N01 Pin=R9-1
Added Pin To Net: NetName=N01 Pin=R10-1
Added Pin To Net: NetName=N01 Pin=U1-4
Added Pin To Net: NetName=N01 Pin=U2-4
Added Net: Name=N01
Added Pin To Net: NetName=NetC1_1 Pin=C1-1
Added Pin To Net: NetName=NetC1_1 Pin=D1-2
Added Pin To Net: NetName=NetC1_1 Pin=U1-7
Added Pin To Net: NetName=NetC1_1 Pin=U1-8
Added Net: Name=NetC1_1
Added Pin To Net: NetName=NetC2_1 Pin=C2-1
Added Pin To Net: NetName=NetC2_1 Pin=D2-2
Added Pin To Net: NetName=NetC2_1 Pin=U2-7
Added Pin To Net: NetName=NetC2_1 Pin=U2-8
Added Net: Name=NetC2_1
Added Pin To Net: NetName=NetC3_2 Pin=C3-2
Added Pin To Net: NetName=NetC3_2 Pin=D3-2
Added Pin To Net: NetName=NetC3_2 Pin=F3-2
Added Pin To Net: NetName=NetC3_2 Pin=U1-5
Added Net: Name=NetC3_2
Added Pin To Net: NetName=NetC4_2 Pin=C4-2
Added Pin To Net: NetName=NetC4_2 Pin=D7-2
Added Pin To Net: NetName=NetC4_2 Pin=F4-2
Added Pin To Net: NetName=NetC4_2 Pin=U2-5
Added Net: Name=NetC4_2
Added Pin To Net: NetName=NetD1_1 Pin=D1-1
Added Pin To Net: NetName=NetD1_1 Pin=F1-1
Added Net: Name=NetD1_1
Added Pin To Net: NetName=NetD2_1 Pin=D2-1
Added Pin To Net: NetName=NetD2_1 Pin=F2-1
Added Net: Name=NetD2_1
Added Pin To Net: NetName=NetD4_1 Pin=D4-1
Added Pin To Net: NetName=NetD4_1 Pin=Q1-1
Added Pin To Net: NetName=NetD4_1 Pin=R5-2
Added Net: Name=NetD4_1
Added Pin To Net: NetName=NetD4_2 Pin=D4-2
Added Pin To Net: NetName=NetD4_2 Pin=D5-2
Added Pin To Net: NetName=NetD4_2 Pin=D6-2
Added Pin To Net: NetName=NetD4_2 Pin=F3-1
Added Pin To Net: NetName=NetD4_2 Pin=R1-2
Added Net: Name=NetD4_2
Added Pin To Net: NetName=NetD5_1 Pin=D5-1
Added Pin To Net: NetName=NetD5_1 Pin=Q2-1
Added Pin To Net: NetName=NetD5_1 Pin=R6-2
Added Net: Name=NetD5_1
Added Pin To Net: NetName=NetD6_1 Pin=D6-1
Added Pin To Net: NetName=NetD6_1 Pin=Q3-1
Added Pin To Net: NetName=NetD6_1 Pin=R7-2
Added Net: Name=NetD6_1
Added Pin To Net: NetName=NetD8_1 Pin=D8-1
Added Pin To Net: NetName=NetD8_1 Pin=Q4-1
Added Pin To Net: NetName=NetD8_1 Pin=R8-2
Added Net: Name=NetD8_1
Added Pin To Net: NetName=NetD8_2 Pin=D8-2
Added Pin To Net: NetName=NetD8_2 Pin=D9-2
Added Pin To Net: NetName=NetD8_2 Pin=D10-2
Added Pin To Net: NetName=NetD8_2 Pin=F4-1
Added Pin To Net: NetName=NetD8_2 Pin=R3-2
Added Net: Name=NetD8_2
Added Pin To Net: NetName=NetD9_1 Pin=D9-1
Added Pin To Net: NetName=NetD9_1 Pin=Q5-1
Added Pin To Net: NetName=NetD9_1 Pin=R9-2
Added Net: Name=NetD9_1
Added Pin To Net: NetName=NetD10_1 Pin=D10-1
Added Pin To Net: NetName=NetD10_1 Pin=Q6-1
Added Pin To Net: NetName=NetD10_1 Pin=R10-2
Added Net: Name=NetD10_1
Added Pin To Net: NetName=NetQ1_2 Pin=Q1-2
Added Pin To Net: NetName=NetQ1_2 Pin=Q2-2
Added Pin To Net: NetName=NetQ1_2 Pin=Q3-2
Added Pin To Net: NetName=NetQ1_2 Pin=R1-1
Added Pin To Net: NetName=NetQ1_2 Pin=R2-2
Added Net: Name=NetQ1_2
Added Pin To Net: NetName=NetQ4_2 Pin=Q4-2
Added Pin To Net: NetName=NetQ4_2 Pin=Q5-2
Added Pin To Net: NetName=NetQ4_2 Pin=Q6-2
Added Pin To Net: NetName=NetQ4_2 Pin=R3-1
Added Pin To Net: NetName=NetQ4_2 Pin=R4-2
Added Net: Name=NetQ4_2
Added Pin To Net: NetName=P01 Pin=R2-1
Added Net: Name=P01
Added Pin To Net: NetName=P02 Pin=R4-1
Added Net: Name=P02
Added Pin To Net: NetName=PS01 Pin=F1-2
Added Net: Name=PS01
Added Pin To Net: NetName=PS02 Pin=F2-2
Added Net: Name=PS02
Added Class: Name=Sheet1
Added Room: Name=Sheet1
