Removed Pin From Net: NetName=COM1 Pin=P1-1
Removed Pin From Net: NetName=NC1 Pin=P1-2
Removed Pin From Net: NetName=COM2 Pin=P1-3
Removed Pin From Net: NetName=NC2 Pin=P1-4
Removed Pin From Net: NetName=COM3 Pin=P1-5
Removed Pin From Net: NetName=NC3 Pin=P1-6
Removed Pin From Net: NetName=COM4 Pin=P1-7
Removed Pin From Net: NetName=NC4 Pin=P1-8
Removed Pin From Net: NetName=COM5 Pin=P1-9
Removed Pin From Net: NetName=NC5 Pin=P1-10
Removed Pin From Net: NetName=COM6 Pin=P1-11
Removed Pin From Net: NetName=NC6 Pin=P1-12
Removed Pin From Net: NetName=COM7 Pin=P1-13
Removed Pin From Net: NetName=NC7 Pin=P1-14
Removed Pin From Net: NetName=COM8 Pin=P1-15
Removed Pin From Net: NetName=NC8 Pin=P1-16
Removed Pin From Net: NetName=GND Pin=P2-1
Removed Pin From Net: NetName=DD16 Pin=P2-3
Removed Pin From Net: NetName=DD15 Pin=P2-4
Removed Pin From Net: NetName=DD14 Pin=P2-5
Removed Pin From Net: NetName=DD13 Pin=P2-6
Removed Pin From Net: NetName=DD12 Pin=P2-7
Removed Pin From Net: NetName=DD11 Pin=P2-8
Removed Pin From Net: NetName=DD10 Pin=P2-9
Removed Pin From Net: NetName=DD9 Pin=P2-10
Removed Pin From Net: NetName=DD8 Pin=P2-11
Removed Pin From Net: NetName=DD7 Pin=P2-12
Removed Pin From Net: NetName=DD6 Pin=P2-13
Removed Pin From Net: NetName=DD5 Pin=P2-14
Removed Pin From Net: NetName=DD4 Pin=P2-15
Removed Pin From Net: NetName=DD3 Pin=P2-16
Removed Pin From Net: NetName=DD2 Pin=P2-17
Removed Pin From Net: NetName=DD1 Pin=P2-18
Removed Pin From Net: NetName=DD7 Pin=RELAY2-1
Removed Pin From Net: NetName=NC7 Pin=RELAY2-2
Removed Pin From Net: NetName=NetRELAY2_3 Pin=RELAY2-3
Removed Pin From Net: NetName=NetRELAY2_3 Pin=RELAY2-8
Removed Pin From Net: NetName=COM7 Pin=RELAY2-9
Removed Pin From Net: NetName=GND Pin=RELAY2-10
Removed Pin From Net: NetName=DD8 Pin=RELAY4-1
Removed Pin From Net: NetName=NC8 Pin=RELAY4-2
Removed Pin From Net: NetName=COM8 Pin=RELAY4-9
Removed Pin From Net: NetName=DD13 Pin=RELAY5-1
Removed Pin From Net: NetName=NC13 Pin=RELAY5-2
Removed Pin From Net: NetName=COM13 Pin=RELAY5-9
Removed Pin From Net: NetName=DD3 Pin=RELAY6-1
Removed Pin From Net: NetName=NC3 Pin=RELAY6-2
Removed Pin From Net: NetName=COM3 Pin=RELAY6-9
Removed Pin From Net: NetName=DD9 Pin=RELAY7-1
Removed Pin From Net: NetName=NC9 Pin=RELAY7-2
Removed Pin From Net: NetName=COM9 Pin=RELAY7-9
Removed Pin From Net: NetName=DD14 Pin=RELAY8-1
Removed Pin From Net: NetName=NC14 Pin=RELAY8-2
Removed Pin From Net: NetName=COM14 Pin=RELAY8-9
Removed Pin From Net: NetName=DD4 Pin=RELAY9-1
Removed Pin From Net: NetName=NC4 Pin=RELAY9-2
Removed Pin From Net: NetName=COM4 Pin=RELAY9-9
Removed Pin From Net: NetName=DD15 Pin=RELAY11-1
Removed Pin From Net: NetName=NC15 Pin=RELAY11-2
Removed Pin From Net: NetName=COM15 Pin=RELAY11-9
Removed Pin From Net: NetName=DD5 Pin=RELAY12-1
Removed Pin From Net: NetName=NC5 Pin=RELAY12-2
Removed Pin From Net: NetName=COM5 Pin=RELAY12-9
Removed Pin From Net: NetName=DD11 Pin=RELAY13-1
Removed Pin From Net: NetName=NC11 Pin=RELAY13-2
Removed Pin From Net: NetName=COM11 Pin=RELAY13-9
Removed Pin From Net: NetName=DD16 Pin=RELAY14-1
Removed Pin From Net: NetName=NC16 Pin=RELAY14-2
Removed Pin From Net: NetName=COM16 Pin=RELAY14-9
Removed Pin From Net: NetName=DD6 Pin=RELAY15-1
Removed Pin From Net: NetName=NC6 Pin=RELAY15-2
Removed Pin From Net: NetName=COM6 Pin=RELAY15-9
Removed Pin From Net: NetName=DD12 Pin=RELAY16-1
Removed Pin From Net: NetName=NC12 Pin=RELAY16-2
Removed Pin From Net: NetName=COM12 Pin=RELAY16-9
Change Component DesignItemId : Designator=P1 Old DesignItemId=Header 16 New DesignItemId=Header 18
Change Component DesignItemId : Designator=P2 Old DesignItemId=Header 18 New DesignItemId=Header 16
Change Component Footprint: Designator=P1 Old Footprint=HDR1X16 New Footprint=HDR1X18
Change Component Footprint: Designator=P2 Old Footprint=HDR1X18 New Footprint=HDR1X16
Change Component Comment : Designator=P1 Old Comment=Header 16 New Comment=Header 18
Change Component Comment : Designator=P2 Old Comment=Header 18 New Comment=Header 16
Change Component Designator: OldDesignator=RELAY3 NewDesignator=RELAY2
Added Component: Designator=RELAY3(G6H-2)
Added Pin To Net: NetName=GND Pin=P1-1
Added Pin To Net: NetName=DD16 Pin=P1-3
Added Pin To Net: NetName=DD15 Pin=P1-4
Added Pin To Net: NetName=DD14 Pin=P1-5
Added Pin To Net: NetName=DD13 Pin=P1-6
Added Pin To Net: NetName=DD12 Pin=P1-7
Added Pin To Net: NetName=DD11 Pin=P1-8
Added Pin To Net: NetName=DD10 Pin=P1-9
Added Pin To Net: NetName=DD9 Pin=P1-10
Added Pin To Net: NetName=DD8 Pin=P1-11
Added Pin To Net: NetName=DD7 Pin=P1-12
Added Pin To Net: NetName=DD6 Pin=P1-13
Added Pin To Net: NetName=DD5 Pin=P1-14
Added Pin To Net: NetName=DD4 Pin=P1-15
Added Pin To Net: NetName=DD3 Pin=P1-16
Added Pin To Net: NetName=DD2 Pin=P1-17
Added Pin To Net: NetName=DD1 Pin=P1-18
Added Pin To Net: NetName=COM1 Pin=P2-1
Added Pin To Net: NetName=NC1 Pin=P2-2
Added Pin To Net: NetName=COM2 Pin=P2-3
Added Pin To Net: NetName=NC2 Pin=P2-4
Added Pin To Net: NetName=COM3 Pin=P2-5
Added Pin To Net: NetName=NC3 Pin=P2-6
Added Pin To Net: NetName=COM4 Pin=P2-7
Added Pin To Net: NetName=NC4 Pin=P2-8
Added Pin To Net: NetName=COM5 Pin=P2-9
Added Pin To Net: NetName=NC5 Pin=P2-10
Added Pin To Net: NetName=COM6 Pin=P2-11
Added Pin To Net: NetName=NC6 Pin=P2-12
Added Pin To Net: NetName=COM7 Pin=P2-13
Added Pin To Net: NetName=NC7 Pin=P2-14
Added Pin To Net: NetName=COM8 Pin=P2-15
Added Pin To Net: NetName=NC8 Pin=P2-16
Added Pin To Net: NetName=DD3 Pin=RELAY3-1
Added Pin To Net: NetName=NC3 Pin=RELAY3-2
Added Pin To Net: NetName=NetRELAY2_3 Pin=RELAY3-3
Added Pin To Net: NetName=NetRELAY2_3 Pin=RELAY3-8
Added Pin To Net: NetName=COM3 Pin=RELAY3-9
Added Pin To Net: NetName=GND Pin=RELAY3-10
Added Pin To Net: NetName=DD4 Pin=RELAY4-1
Added Pin To Net: NetName=NC4 Pin=RELAY4-2
Added Pin To Net: NetName=COM4 Pin=RELAY4-9
Added Pin To Net: NetName=DD5 Pin=RELAY5-1
Added Pin To Net: NetName=NC5 Pin=RELAY5-2
Added Pin To Net: NetName=COM5 Pin=RELAY5-9
Added Pin To Net: NetName=DD6 Pin=RELAY6-1
Added Pin To Net: NetName=NC6 Pin=RELAY6-2
Added Pin To Net: NetName=COM6 Pin=RELAY6-9
Added Pin To Net: NetName=DD7 Pin=RELAY7-1
Added Pin To Net: NetName=NC7 Pin=RELAY7-2
Added Pin To Net: NetName=COM7 Pin=RELAY7-9
Added Pin To Net: NetName=DD8 Pin=RELAY8-1
Added Pin To Net: NetName=NC8 Pin=RELAY8-2
Added Pin To Net: NetName=COM8 Pin=RELAY8-9
Added Pin To Net: NetName=DD9 Pin=RELAY9-1
Added Pin To Net: NetName=NC9 Pin=RELAY9-2
Added Pin To Net: NetName=COM9 Pin=RELAY9-9
Added Pin To Net: NetName=DD11 Pin=RELAY11-1
Added Pin To Net: NetName=NC11 Pin=RELAY11-2
Added Pin To Net: NetName=COM11 Pin=RELAY11-9
Added Pin To Net: NetName=DD12 Pin=RELAY12-1
Added Pin To Net: NetName=NC12 Pin=RELAY12-2
Added Pin To Net: NetName=COM12 Pin=RELAY12-9
Added Pin To Net: NetName=DD13 Pin=RELAY13-1
Added Pin To Net: NetName=NC13 Pin=RELAY13-2
Added Pin To Net: NetName=COM13 Pin=RELAY13-9
Added Pin To Net: NetName=DD14 Pin=RELAY14-1
Added Pin To Net: NetName=NC14 Pin=RELAY14-2
Added Pin To Net: NetName=COM14 Pin=RELAY14-9
Added Pin To Net: NetName=DD15 Pin=RELAY15-1
Added Pin To Net: NetName=NC15 Pin=RELAY15-2
Added Pin To Net: NetName=COM15 Pin=RELAY15-9
Added Pin To Net: NetName=DD16 Pin=RELAY16-1
Added Pin To Net: NetName=NC16 Pin=RELAY16-2
Added Pin To Net: NetName=COM16 Pin=RELAY16-9
Change Net Name : Old Net Name=NetRELAY2_3 New Net Name=NetRELAY3_3
Change Net Name : Old Net Name=NetRELAY3_3 New Net Name=NetRELAY2_3
Added Room: Name=Sheet1
