Removed Pin From Net: NetName=NetP2_1 Pin=P2-1
Removed Pin From Net: NetName=NetP2_2 Pin=P2-2
Removed Pin From Net: NetName=NetP2_3 Pin=P2-3
Removed Pin From Net: NetName=NetP2_4 Pin=P2-4
Removed Pin From Net: NetName=NetP3_1 Pin=P3-1
Removed Pin From Net: NetName=NetP3_2 Pin=P3-2
Removed Pin From Net: NetName=NetP4_1 Pin=P4-1
Removed Pin From Net: NetName=NetP4_2 Pin=P4-2
Removed Pin From Net: NetName=NetP5_1 Pin=P5-1
Removed Pin From Net: NetName=NetP5_2 Pin=P5-2
Removed Pin From Net: NetName=NetP5_3 Pin=P5-3
Removed Pin From Net: NetName=NetP5_4 Pin=P5-4
Removed Pin From Net: NetName=NetP6_1 Pin=P6-1
Removed Pin From Net: NetName=NetP6_2 Pin=P6-2
Removed Pin From Net: NetName=NetP7_1 Pin=P7-1
Removed Pin From Net: NetName=NetP7_2 Pin=P7-2
Removed Pin From Net: NetName=NetP7_3 Pin=P7-3
Removed Pin From Net: NetName=NetP7_4 Pin=P7-4
Removed Pin From Net: NetName=NetP8_1 Pin=P8-1
Removed Pin From Net: NetName=NetP8_2 Pin=P8-2
Removed Pin From Net: NetName=NetP9_1 Pin=P9-1
Removed Pin From Net: NetName=NetP9_2 Pin=P9-2
Removed Pin From Net: NetName=NetP9_3 Pin=P9-3
Removed Pin From Net: NetName=NetP9_4 Pin=P9-4
Removed Pin From Net: NetName=NetP10_1 Pin=P10-1
Removed Pin From Net: NetName=NetP10_2 Pin=P10-2
Removed Pin From Net: NetName=NetP11_1 Pin=P11-1
Removed Pin From Net: NetName=NetP11_2 Pin=P11-2
Removed Pin From Net: NetName=NetP11_3 Pin=P11-3
Removed Pin From Net: NetName=NetP11_4 Pin=P11-4
Removed Pin From Net: NetName=NetP12_1 Pin=P12-1
Removed Pin From Net: NetName=NetP12_2 Pin=P12-2
Removed Pin From Net: NetName=NetP13_1 Pin=P13-1
Removed Pin From Net: NetName=NetP13_2 Pin=P13-2
Removed Pin From Net: NetName=NetP13_3 Pin=P13-3
Removed Pin From Net: NetName=NetP13_4 Pin=P13-4
Removed Pin From Net: NetName=NetP14_1 Pin=P14-1
Removed Pin From Net: NetName=NetP14_2 Pin=P14-2
Removed Pin From Net: NetName=NetP15_1 Pin=P15-1
Removed Pin From Net: NetName=NetP15_2 Pin=P15-2
Removed Pin From Net: NetName=NetP15_3 Pin=P15-3
Removed Pin From Net: NetName=NetP15_4 Pin=P15-4
Removed Pin From Net: NetName=NetP16_1 Pin=P16-1
Removed Pin From Net: NetName=NetP16_2 Pin=P16-2
Removed Pin From Net: NetName=GND Pin=P17-1
Removed Pin From Net: NetName=NetP3_2 Pin=RELAY1-1
Removed Pin From Net: NetName=NetP4_2 Pin=RELAY2-1
Removed Pin From Net: NetName=NetP2_2 Pin=RELAY2-2
Removed Pin From Net: NetName=NetP2_1 Pin=RELAY2-9
Removed Pin From Net: NetName=NetP3_1 Pin=RELAY3-1
Removed Pin From Net: NetName=NetP4_1 Pin=RELAY4-1
Removed Pin From Net: NetName=NetP2_4 Pin=RELAY4-2
Removed Pin From Net: NetName=NetP2_3 Pin=RELAY4-9
Removed Pin From Net: NetName=NetP6_2 Pin=RELAY5-1
Removed Pin From Net: NetName=NetP5_2 Pin=RELAY5-2
Removed Pin From Net: NetName=NetP5_1 Pin=RELAY5-9
Removed Pin From Net: NetName=NetP8_2 Pin=RELAY6-1
Removed Pin From Net: NetName=NetP7_2 Pin=RELAY6-2
Removed Pin From Net: NetName=NetP7_1 Pin=RELAY6-9
Removed Pin From Net: NetName=NetP10_2 Pin=RELAY7-1
Removed Pin From Net: NetName=NetP9_2 Pin=RELAY7-2
Removed Pin From Net: NetName=NetP9_1 Pin=RELAY7-9
Removed Pin From Net: NetName=NetP6_1 Pin=RELAY8-1
Removed Pin From Net: NetName=NetP5_4 Pin=RELAY8-2
Removed Pin From Net: NetName=NetP5_3 Pin=RELAY8-9
Removed Pin From Net: NetName=NetP8_1 Pin=RELAY9-1
Removed Pin From Net: NetName=NetP7_4 Pin=RELAY9-2
Removed Pin From Net: NetName=NetP7_3 Pin=RELAY9-9
Removed Pin From Net: NetName=NetP10_1 Pin=RELAY10-1
Removed Pin From Net: NetName=NetP9_4 Pin=RELAY10-2
Removed Pin From Net: NetName=NetP9_3 Pin=RELAY10-9
Removed Pin From Net: NetName=NetP12_2 Pin=RELAY11-1
Removed Pin From Net: NetName=NetP11_2 Pin=RELAY11-2
Removed Pin From Net: NetName=NetP11_1 Pin=RELAY11-9
Removed Pin From Net: NetName=NetP14_2 Pin=RELAY12-1
Removed Pin From Net: NetName=NetP13_2 Pin=RELAY12-2
Removed Pin From Net: NetName=NetP13_1 Pin=RELAY12-9
Removed Pin From Net: NetName=NetP16_2 Pin=RELAY13-1
Removed Pin From Net: NetName=NetP15_2 Pin=RELAY13-2
Removed Pin From Net: NetName=NetP15_1 Pin=RELAY13-9
Removed Pin From Net: NetName=NetP12_1 Pin=RELAY14-1
Removed Pin From Net: NetName=NetP11_4 Pin=RELAY14-2
Removed Pin From Net: NetName=NetP11_3 Pin=RELAY14-9
Removed Pin From Net: NetName=NetP14_1 Pin=RELAY15-1
Removed Pin From Net: NetName=NetP13_4 Pin=RELAY15-2
Removed Pin From Net: NetName=NetP13_3 Pin=RELAY15-9
Removed Pin From Net: NetName=NetP16_1 Pin=RELAY16-1
Removed Pin From Net: NetName=NetP15_4 Pin=RELAY16-2
Removed Pin From Net: NetName=NetP15_3 Pin=RELAY16-9
Removed Member From Class: ClassName=Sheet1 Member=P4
Removed Member From Class: ClassName=Sheet1 Member=P5
Removed Member From Class: ClassName=Sheet1 Member=P6
Removed Member From Class: ClassName=Sheet1 Member=P7
Removed Member From Class: ClassName=Sheet1 Member=P8
Removed Member From Class: ClassName=Sheet1 Member=P9
Removed Member From Class: ClassName=Sheet1 Member=P10
Removed Member From Class: ClassName=Sheet1 Member=P11
Removed Member From Class: ClassName=Sheet1 Member=P12
Removed Member From Class: ClassName=Sheet1 Member=P13
Removed Member From Class: ClassName=Sheet1 Member=P14
Removed Member From Class: ClassName=Sheet1 Member=P15
Removed Member From Class: ClassName=Sheet1 Member=P16
Removed Member From Class: ClassName=Sheet1 Member=P17
Change Component DesignItemId : Designator=P3 Old DesignItemId=Header 2 New DesignItemId=Header 16
Change Component DesignItemId : Designator=P1 Old DesignItemId=Header 4 New DesignItemId=Header 16
Change Component DesignItemId : Designator=P2 Old DesignItemId=Header 4 New DesignItemId=Header 18
Change Component Footprint: Designator=P3 Old Footprint=HDR1X2 New Footprint=HDR1X16
Change Component Footprint: Designator=P1 Old Footprint=HDR1X4 New Footprint=HDR1X16
Change Component Footprint: Designator=P2 Old Footprint=HDR1X4 New Footprint=HDR1X18
Change Component Comment : Designator=P3 Old Comment=Header 2 New Comment=Header 16
Change Component Comment : Designator=P1 Old Comment=Header 4 New Comment=Header 16
Change Component Comment : Designator=P2 Old Comment=Header 4 New Comment=Header 18
Added Pin To Net: NetName=NetP16_2 Pin=P1-5
Added Pin To Net: NetName=NetP6_2 Pin=P1-6
Added Pin To Net: NetName=NetP16_1 Pin=P1-7
Added Pin To Net: NetName=NetP6_1 Pin=P1-8
Added Pin To Net: NetName=NetP15_4 Pin=P1-9
Added Pin To Net: NetName=NetP5_4 Pin=P1-10
Added Pin To Net: NetName=NetP15_3 Pin=P1-11
Added Pin To Net: NetName=NetP5_3 Pin=P1-12
Added Pin To Net: NetName=NetP15_2 Pin=P1-13
Added Pin To Net: NetName=NetP5_2 Pin=P1-14
Added Pin To Net: NetName=NetP15_1 Pin=P1-15
Added Pin To Net: NetName=NetP5_1 Pin=P1-16
Added Pin To Net: NetName=GND Pin=P2-1
Added Pin To Net: NetName=NetP7_1 Pin=P2-3
Added Pin To Net: NetName=NetP7_2 Pin=P2-4
Added Pin To Net: NetName=NetP7_3 Pin=P2-5
Added Pin To Net: NetName=NetP7_4 Pin=P2-6
Added Pin To Net: NetName=NetP8_1 Pin=P2-7
Added Pin To Net: NetName=NetP8_2 Pin=P2-8
Added Pin To Net: NetName=NetP9_1 Pin=P2-9
Added Pin To Net: NetName=NetP9_2 Pin=P2-10
Added Pin To Net: NetName=NetP9_3 Pin=P2-11
Added Pin To Net: NetName=NetP9_4 Pin=P2-12
Added Pin To Net: NetName=NetP10_1 Pin=P2-13
Added Pin To Net: NetName=NetP10_2 Pin=P2-14
Added Pin To Net: NetName=NetP11_1 Pin=P2-15
Added Pin To Net: NetName=NetP11_2 Pin=P2-16
Added Pin To Net: NetName=NetP11_3 Pin=P2-17
Added Pin To Net: NetName=NetP11_4 Pin=P2-18
Added Pin To Net: NetName=NetP14_2 Pin=P3-1
Added Pin To Net: NetName=NetP4_2 Pin=P3-2
Added Pin To Net: NetName=NetP14_1 Pin=P3-3
Added Pin To Net: NetName=NetP4_1 Pin=P3-4
Added Pin To Net: NetName=NetP13_4 Pin=P3-5
Added Pin To Net: NetName=NetP3_2 Pin=P3-6
Added Pin To Net: NetName=NetP13_3 Pin=P3-7
Added Pin To Net: NetName=NetP3_1 Pin=P3-8
Added Pin To Net: NetName=NetP13_2 Pin=P3-9
Added Pin To Net: NetName=NetP2_4 Pin=P3-10
Added Pin To Net: NetName=NetP13_1 Pin=P3-11
Added Pin To Net: NetName=NetP2_3 Pin=P3-12
Added Pin To Net: NetName=NetP12_2 Pin=P3-13
Added Pin To Net: NetName=NetP2_2 Pin=P3-14
Added Pin To Net: NetName=NetP12_1 Pin=P3-15
Added Pin To Net: NetName=NetP2_1 Pin=P3-16
Added Pin To Net: NetName=NetP11_4 Pin=RELAY1-1
Added Pin To Net: NetName=NetP9_4 Pin=RELAY2-1
Added Pin To Net: NetName=NetP5_2 Pin=RELAY2-2
Added Pin To Net: NetName=NetP15_2 Pin=RELAY2-9
Added Pin To Net: NetName=NetP11_3 Pin=RELAY3-1
Added Pin To Net: NetName=NetP9_3 Pin=RELAY4-1
Added Pin To Net: NetName=NetP5_1 Pin=RELAY4-2
Added Pin To Net: NetName=NetP15_1 Pin=RELAY4-9
Added Pin To Net: NetName=NetP7_4 Pin=RELAY5-1
Added Pin To Net: NetName=NetP2_4 Pin=RELAY5-2
Added Pin To Net: NetName=NetP13_2 Pin=RELAY5-9
Added Pin To Net: NetName=NetP11_2 Pin=RELAY6-1
Added Pin To Net: NetName=NetP6_2 Pin=RELAY6-2
Added Pin To Net: NetName=NetP16_2 Pin=RELAY6-9
Added Pin To Net: NetName=NetP9_2 Pin=RELAY7-1
Added Pin To Net: NetName=NetP4_2 Pin=RELAY7-2
Added Pin To Net: NetName=NetP14_2 Pin=RELAY7-9
Added Pin To Net: NetName=NetP7_3 Pin=RELAY8-1
Added Pin To Net: NetName=NetP2_3 Pin=RELAY8-2
Added Pin To Net: NetName=NetP13_1 Pin=RELAY8-9
Added Pin To Net: NetName=NetP11_1 Pin=RELAY9-1
Added Pin To Net: NetName=NetP6_1 Pin=RELAY9-2
Added Pin To Net: NetName=NetP16_1 Pin=RELAY9-9
Added Pin To Net: NetName=NetP9_1 Pin=RELAY10-1
Added Pin To Net: NetName=NetP4_1 Pin=RELAY10-2
Added Pin To Net: NetName=NetP14_1 Pin=RELAY10-9
Added Pin To Net: NetName=NetP7_2 Pin=RELAY11-1
Added Pin To Net: NetName=NetP2_2 Pin=RELAY11-2
Added Pin To Net: NetName=NetP12_2 Pin=RELAY11-9
Added Pin To Net: NetName=NetP10_2 Pin=RELAY12-1
Added Pin To Net: NetName=NetP5_4 Pin=RELAY12-2
Added Pin To Net: NetName=NetP15_4 Pin=RELAY12-9
Added Pin To Net: NetName=NetP8_2 Pin=RELAY13-1
Added Pin To Net: NetName=NetP3_2 Pin=RELAY13-2
Added Pin To Net: NetName=NetP13_4 Pin=RELAY13-9
Added Pin To Net: NetName=NetP7_1 Pin=RELAY14-1
Added Pin To Net: NetName=NetP2_1 Pin=RELAY14-2
Added Pin To Net: NetName=NetP12_1 Pin=RELAY14-9
Added Pin To Net: NetName=NetP10_1 Pin=RELAY15-1
Added Pin To Net: NetName=NetP5_3 Pin=RELAY15-2
Added Pin To Net: NetName=NetP15_3 Pin=RELAY15-9
Added Pin To Net: NetName=NetP8_1 Pin=RELAY16-1
Added Pin To Net: NetName=NetP3_1 Pin=RELAY16-2
Added Pin To Net: NetName=NetP13_3 Pin=RELAY16-9
Change Net Name : Old Net Name=NetP1_1 New Net Name=COM1
Change Net Name : Old Net Name=NetP1_2 New Net Name=NC1
Change Net Name : Old Net Name=NetP1_3 New Net Name=COM2
Change Net Name : Old Net Name=NetP1_4 New Net Name=NC2
Change Net Name : Old Net Name=NetP2_1 New Net Name=NC16
Change Net Name : Old Net Name=NetP2_2 New Net Name=NC15
Change Net Name : Old Net Name=NetP2_3 New Net Name=NC14
Change Net Name : Old Net Name=NetP2_4 New Net Name=NC13
Change Net Name : Old Net Name=NetP3_1 New Net Name=NC12
Change Net Name : Old Net Name=NetP3_2 New Net Name=NC11
Change Net Name : Old Net Name=NetP4_1 New Net Name=NC10
Change Net Name : Old Net Name=NetP4_2 New Net Name=NC9
Change Net Name : Old Net Name=NetP5_1 New Net Name=NC8
Change Net Name : Old Net Name=NetP5_2 New Net Name=NC7
Change Net Name : Old Net Name=NetP5_3 New Net Name=NC6
Change Net Name : Old Net Name=NetP5_4 New Net Name=NC5
Change Net Name : Old Net Name=NetP6_1 New Net Name=NC4
Change Net Name : Old Net Name=NetP6_2 New Net Name=NC3
Change Net Name : Old Net Name=NetP7_1 New Net Name=DD16
Change Net Name : Old Net Name=NetP7_2 New Net Name=DD15
Change Net Name : Old Net Name=NetP7_3 New Net Name=DD14
Change Net Name : Old Net Name=NetP7_4 New Net Name=DD13
Change Net Name : Old Net Name=NetP8_1 New Net Name=DD12
Change Net Name : Old Net Name=NetP8_2 New Net Name=DD11
Change Net Name : Old Net Name=NetP9_1 New Net Name=DD10
Change Net Name : Old Net Name=NetP9_2 New Net Name=DD9
Change Net Name : Old Net Name=NetP9_3 New Net Name=DD8
Change Net Name : Old Net Name=NetP9_4 New Net Name=DD7
Change Net Name : Old Net Name=NetP10_1 New Net Name=DD6
Change Net Name : Old Net Name=NetP10_2 New Net Name=DD5
Change Net Name : Old Net Name=NetP11_1 New Net Name=DD4
Change Net Name : Old Net Name=NetP11_2 New Net Name=DD3
Change Net Name : Old Net Name=NetP11_3 New Net Name=DD2
Change Net Name : Old Net Name=NetP11_4 New Net Name=DD1
Change Net Name : Old Net Name=NetP12_1 New Net Name=COM16
Change Net Name : Old Net Name=NetP12_2 New Net Name=COM15
Change Net Name : Old Net Name=NetP13_1 New Net Name=COM14
Change Net Name : Old Net Name=NetP13_2 New Net Name=COM13
Change Net Name : Old Net Name=NetP13_3 New Net Name=COM12
Change Net Name : Old Net Name=NetP13_4 New Net Name=COM11
Change Net Name : Old Net Name=NetP14_1 New Net Name=COM10
Change Net Name : Old Net Name=NetP14_2 New Net Name=COM9
Change Net Name : Old Net Name=NetP15_1 New Net Name=COM8
Change Net Name : Old Net Name=NetP15_2 New Net Name=COM7
Change Net Name : Old Net Name=NetP15_3 New Net Name=COM6
Change Net Name : Old Net Name=NetP15_4 New Net Name=COM5
Change Net Name : Old Net Name=NetP16_1 New Net Name=COM4
Change Net Name : Old Net Name=NetP16_2 New Net Name=COM3
Added Room: Name=Sheet1
