Removed Pin From Net: NetName=DP2 Pin=P3-1
Removed Pin From Net: NetName=DP1 Pin=P8-1
Removed Pin From Net: NetName=DP2 Pin=RELAY01-7
Added Component: Designator=F1(Fuse)
Add component. Clean all parameters for all variants
Add component (AddParameter): Name = "Designed by"; Value = "VanDungEvn"; VariantName = "[No Variations]"
Add component (AddParameter): Name = "Value"; Value = "Fuse"; VariantName = "[No Variations]"
Added Component: Designator=F2(Fuse)
Add component. Clean all parameters for all variants
Add component (AddParameter): Name = "Designed by"; Value = "VanDungEvn"; VariantName = "[No Variations]"
Add component (AddParameter): Name = "Value"; Value = "Fuse"; VariantName = "[No Variations]"
Added Pin To Net: NetName=DP2 Pin=F1-1
Added Pin To Net: NetName=DP1 Pin=F2-1
Change Net Name : Old Net Name=DP2 New Net Name=NetC1_1
Added Pin To Net: NetName=DP2 Pin=F1-2
Added Pin To Net: NetName=DP2 Pin=P3-1
Added Pin To Net: NetName=DP2 Pin=RELAY01-7
Added Net: Name=DP2
Added Pin To Net: NetName=NetF2_2 Pin=F2-2
Added Pin To Net: NetName=NetF2_2 Pin=P8-1
Added Net: Name=NetF2_2
Added Member To Class: ClassName=Sheet1 Member=Component F1 F1A
Added Member To Class: ClassName=Sheet1 Member=Component F2 F1A
