Added Component: Designator=C1(RB7.6-15)
Added Component: Designator=C2(CN1.5)
Added Component: Designator=C3(CN1.5)
Added Component: Designator=C4(RB7.6-15)
Added Component: Designator=C5(CN1.5)
Added Component: Designator=C6(RB7.6-15)
Added Component: Designator=C7(CN1.5)
Added Component: Designator=D1(KBU1010)
Added Component: Designator=D2(DIODE-0.7)
Added Component: Designator=D3(DIODE-0.7)
Added Component: Designator=D4(KBP206)
Added Component: Designator=D5(DIODE-0.7)
Added Component: Designator=diode1(Diode s)
Added Component: Designator=P1(HDR1X2)
Added Component: Designator=P2(HDR1X2)
Added Component: Designator=P3(HDR1X2)
Added Component: Designator=P4(HDR1X2)
Added Component: Designator=P5(HDR1X2)
Added Component: Designator=P6(HDR1X2)
Added Component: Designator=P7(HDR1X2)
Added Component: Designator=P8(HDR1X2)
Added Component: Designator=P9(HDR1X2)
Added Component: Designator=Q1(Mosfet)
Added Component: Designator=R1(AXIAL-0.3)
Added Component: Designator=R2(AXIAL-0.3)
Added Component: Designator=R3(RES11.5-7.8X2.8)
Added Component: Designator=Relay1(Relay1)
Added Component: Designator=RELAY2(RY-Series)
Added Component: Designator=U1(PP15)
Added Pin To Net: NetName=GND Pin=C1-2
Added Pin To Net: NetName=GND Pin=C2-1
Added Pin To Net: NetName=GND Pin=C3-1
Added Pin To Net: NetName=GND Pin=D1-3
Added Pin To Net: NetName=GND Pin=D3-1
Added Pin To Net: NetName=GND Pin=P6-1
Added Pin To Net: NetName=GND Pin=Q1-3
Added Pin To Net: NetName=GND Pin=R3-1
Added Pin To Net: NetName=GND Pin=U1-2
Added Pin To Net: NetName=GND Pin=U1-3
Added Net: Name=GND
Added Pin To Net: NetName=NetC1_1 Pin=C1-1
Added Pin To Net: NetName=NetC1_1 Pin=C2-2
Added Pin To Net: NetName=NetC1_1 Pin=D1-1
Added Pin To Net: NetName=NetC1_1 Pin=P3-1
Added Pin To Net: NetName=NetC1_1 Pin=RELAY2-7
Added Net: Name=NetC1_1
Added Pin To Net: NetName=NetC3_2 Pin=C3-2
Added Pin To Net: NetName=NetC3_2 Pin=D2-1
Added Pin To Net: NetName=NetC3_2 Pin=Q1-2
Added Pin To Net: NetName=NetC3_2 Pin=R3-2
Added Net: Name=NetC3_2
Added Pin To Net: NetName=NetC4_1 Pin=C4-1
Added Pin To Net: NetName=NetC4_1 Pin=C5-2
Added Pin To Net: NetName=NetC4_1 Pin=D5-2
Added Pin To Net: NetName=NetC4_1 Pin=P5-1
Added Pin To Net: NetName=NetC4_1 Pin=P7-1
Added Pin To Net: NetName=NetC4_1 Pin=U1-4
Added Net: Name=NetC4_1
Added Pin To Net: NetName=NetC4_2 Pin=C4-2
Added Pin To Net: NetName=NetC4_2 Pin=C5-1
Added Pin To Net: NetName=NetC4_2 Pin=D5-1
Added Pin To Net: NetName=NetC4_2 Pin=P5-2
Added Pin To Net: NetName=NetC4_2 Pin=P7-2
Added Pin To Net: NetName=NetC4_2 Pin=U1-5
Added Net: Name=NetC4_2
Added Pin To Net: NetName=NetC6_1 Pin=C6-1
Added Pin To Net: NetName=NetC6_1 Pin=C7-2
Added Pin To Net: NetName=NetC6_1 Pin=D4-1
Added Pin To Net: NetName=NetC6_1 Pin=P8-1
Added Net: Name=NetC6_1
Added Pin To Net: NetName=NetC6_2 Pin=C6-2
Added Pin To Net: NetName=NetC6_2 Pin=C7-1
Added Pin To Net: NetName=NetC6_2 Pin=D4-3
Added Pin To Net: NetName=NetC6_2 Pin=D4-4
Added Pin To Net: NetName=NetC6_2 Pin=P8-2
Added Pin To Net: NetName=NetC6_2 Pin=P9-1
Added Net: Name=NetC6_2
Added Pin To Net: NetName=NetD1_2 Pin=D1-2
Added Pin To Net: NetName=NetD1_2 Pin=P2-2
Added Pin To Net: NetName=NetD1_2 Pin=RELAY2-8
Added Net: Name=NetD1_2
Added Pin To Net: NetName=NetD1_4 Pin=D1-4
Added Pin To Net: NetName=NetD1_4 Pin=P2-1
Added Pin To Net: NetName=NetD1_4 Pin=RELAY2-1
Added Net: Name=NetD1_4
Added Pin To Net: NetName=NetD2_2 Pin=D2-2
Added Pin To Net: NetName=NetD2_2 Pin=R2-1
Added Net: Name=NetD2_2
Added Pin To Net: NetName=NetD3_2 Pin=D3-2
Added Pin To Net: NetName=NetD3_2 Pin=P4-1
Added Pin To Net: NetName=NetD3_2 Pin=P4-2
Added Net: Name=NetD3_2
Added Pin To Net: NetName=NetD4_2 Pin=D4-2
Added Pin To Net: NetName=NetD4_2 Pin=P9-2
Added Net: Name=NetD4_2
Added Pin To Net: NetName=Netdiode1_1 Pin=diode1-1
Added Pin To Net: NetName=Netdiode1_1 Pin=Q1-1
Added Pin To Net: NetName=Netdiode1_1 Pin=Relay1-5
Added Net: Name=Netdiode1_1
Added Pin To Net: NetName=Netdiode1_2 Pin=diode1-2
Added Pin To Net: NetName=Netdiode1_2 Pin=R1-2
Added Pin To Net: NetName=Netdiode1_2 Pin=Relay1-4
Added Net: Name=Netdiode1_2
Added Pin To Net: NetName=NetP1_1 Pin=P1-1
Added Pin To Net: NetName=NetP1_1 Pin=R1-1
Added Pin To Net: NetName=NetP1_1 Pin=R2-2
Added Pin To Net: NetName=NetP1_1 Pin=Relay1-3
Added Net: Name=NetP1_1
Added Pin To Net: NetName=NetP1_2 Pin=P1-2
Added Pin To Net: NetName=NetP1_2 Pin=Relay1-1
Added Net: Name=NetP1_2
Added Pin To Net: NetName=NetP3_2 Pin=P3-2
Added Pin To Net: NetName=NetP3_2 Pin=RELAY2-2
Added Net: Name=NetP3_2
Added Pin To Net: NetName=NetP6_2 Pin=P6-2
Added Pin To Net: NetName=NetP6_2 Pin=U1-1
Added Net: Name=NetP6_2
Added Pin To Net: NetName=NetRELAY2_3 Pin=RELAY2-3
Added Pin To Net: NetName=NetRELAY2_3 Pin=RELAY2-6
Added Net: Name=NetRELAY2_3
Added Class: Name=Sheet1
Added Room: Name=Sheet1
