Removed Pin From Net: NetName=N01 Pin=C4-1
Removed Pin From Net: NetName=N01 Pin=D7-1
Removed Pin From Net: NetName=N01 Pin=J1-5
Removed Pin From Net: NetName=N01 Pin=J1-6
Removed Pin From Net: NetName=N01 Pin=J1-37
Removed Pin From Net: NetName=N01 Pin=J1-38
Removed Pin From Net: NetName=N01 Pin=Q4-3
Removed Pin From Net: NetName=N01 Pin=Q5-3
Removed Pin From Net: NetName=N01 Pin=Q6-3
Removed Pin From Net: NetName=N01 Pin=R8-1
Removed Pin From Net: NetName=N01 Pin=R9-1
Removed Pin From Net: NetName=N01 Pin=R10-1
Removed Pin From Net: NetName=N01 Pin=U2-6
Added Pin To Net: NetName=N02 Pin=C4-1
Added Pin To Net: NetName=N02 Pin=D7-1
Added Pin To Net: NetName=N02 Pin=J1-5
Added Pin To Net: NetName=N02 Pin=J1-6
Added Pin To Net: NetName=N02 Pin=J1-37
Added Pin To Net: NetName=N02 Pin=J1-38
Added Pin To Net: NetName=N02 Pin=Q4-3
Added Pin To Net: NetName=N02 Pin=Q5-3
Added Pin To Net: NetName=N02 Pin=Q6-3
Added Pin To Net: NetName=N02 Pin=R8-1
Added Pin To Net: NetName=N02 Pin=R9-1
Added Pin To Net: NetName=N02 Pin=R10-1
Added Pin To Net: NetName=N02 Pin=U2-6
Added Net: Name=N02
