Added Component: Designator=J1(Header32x2)
Added Pin To Net: NetName=N01 Pin=J1-5
Added Pin To Net: NetName=N01 Pin=J1-6
Added Pin To Net: NetName=P02 Pin=J1-9
Added Pin To Net: NetName=N01 Pin=J1-16
Added Pin To Net: NetName=N01 Pin=J1-17
Added Pin To Net: NetName=P01 Pin=J1-20
Added Pin To Net: NetName=P01 Pin=J1-21
Added Pin To Net: NetName=PS01 Pin=J1-26
Added Pin To Net: NetName=PS01 Pin=J1-27
Added Pin To Net: NetName=PS02 Pin=J1-28
Added Pin To Net: NetName=PS02 Pin=J1-29
Added Pin To Net: NetName=GND Pin=J1-30
Added Pin To Net: NetName=GND Pin=J1-31
Added Pin To Net: NetName=GND Pin=J1-32
Added Pin To Net: NetName=N01 Pin=J1-37
Added Pin To Net: NetName=N01 Pin=J1-38
Added Pin To Net: NetName=P02 Pin=J1-41
Added Pin To Net: NetName=N01 Pin=J1-48
Added Pin To Net: NetName=N01 Pin=J1-49
Added Pin To Net: NetName=P01 Pin=J1-52
Added Pin To Net: NetName=P01 Pin=J1-53
Added Pin To Net: NetName=PS01 Pin=J1-58
Added Pin To Net: NetName=PS01 Pin=J1-59
Added Pin To Net: NetName=PS02 Pin=J1-60
Added Pin To Net: NetName=PS02 Pin=J1-61
Added Pin To Net: NetName=GND Pin=J1-62
Added Pin To Net: NetName=GND Pin=J1-63
Added Pin To Net: NetName=GND Pin=J1-64
Added Member To Class: ClassName=Sheet1 Member=Component J1 Header 32x2
Added Room: Name=Sheet1
