Removed Pin From Net: NetName=GND Pin=Q1-1
Removed Pin From Net: NetName=NetQ1_2 Pin=Q1-2
Removed Pin From Net: NetName=NetQ1_3 Pin=Q1-3
Removed Pin From Net: NetName=GND Pin=Q2-1
Removed Pin From Net: NetName=NetQ2_2 Pin=Q2-2
Removed Pin From Net: NetName=NetQ2_3 Pin=Q2-3
Removed Pin From Net: NetName=GND Pin=Q3-1
Removed Pin From Net: NetName=NetQ3_2 Pin=Q3-2
Removed Pin From Net: NetName=NetQ3_3 Pin=Q3-3
Removed Pin From Net: NetName=GND Pin=Q4-1
Removed Pin From Net: NetName=NetQ4_2 Pin=Q4-2
Removed Pin From Net: NetName=NetQ4_3 Pin=Q4-3
Removed Pin From Net: NetName=GND Pin=Q5-1
Removed Pin From Net: NetName=NetQ5_2 Pin=Q5-2
Removed Pin From Net: NetName=NetQ5_3 Pin=Q5-3
Removed Pin From Net: NetName=GND Pin=Q6-1
Removed Pin From Net: NetName=NetQ6_2 Pin=Q6-2
Removed Pin From Net: NetName=NetQ6_3 Pin=Q6-3
Removed Pin From Net: NetName=GND Pin=Q7-1
Removed Pin From Net: NetName=NetQ7_2 Pin=Q7-2
Removed Pin From Net: NetName=NetQ7_3 Pin=Q7-3
Removed Pin From Net: NetName=GND Pin=Q8-1
Removed Pin From Net: NetName=NetQ8_2 Pin=Q8-2
Removed Pin From Net: NetName=NetQ8_3 Pin=Q8-3
Removed Pin From Net: NetName=GND Pin=Q9-1
Removed Pin From Net: NetName=GND Pin=Q10-1
Removed Pin From Net: NetName=GND Pin=Q11-1
Removed Pin From Net: NetName=GND Pin=Q12-1
Removed Pin From Net: NetName=GND Pin=Q13-1
Removed Pin From Net: NetName=GND Pin=Q14-1
Removed Pin From Net: NetName=GND Pin=Q15-1
Removed Pin From Net: NetName=GND Pin=Q16-1
Removed Pin From Net: NetName=NetQ1_3 Pin=R7-2
Removed Pin From Net: NetName=NetQ2_3 Pin=R8-2
Removed Pin From Net: NetName=NetQ3_3 Pin=R9-2
Removed Pin From Net: NetName=NetQ4_3 Pin=R10-2
Removed Pin From Net: NetName=NetQ5_3 Pin=R11-2
Removed Pin From Net: NetName=NetQ6_3 Pin=R12-2
Removed Pin From Net: NetName=NetQ7_3 Pin=R19-2
Removed Pin From Net: NetName=NetQ8_3 Pin=R20-2
Removed Pin From Net: NetName=GND Pin=R33-1
Removed Pin From Net: NetName=NetQ1_3 Pin=R33-2
Removed Pin From Net: NetName=GND Pin=R34-1
Removed Pin From Net: NetName=NetQ2_3 Pin=R34-2
Removed Pin From Net: NetName=GND Pin=R35-1
Removed Pin From Net: NetName=NetQ3_3 Pin=R35-2
Removed Pin From Net: NetName=GND Pin=R36-1
Removed Pin From Net: NetName=NetQ4_3 Pin=R36-2
Removed Pin From Net: NetName=GND Pin=R37-1
Removed Pin From Net: NetName=NetQ5_3 Pin=R37-2
Removed Pin From Net: NetName=GND Pin=R38-1
Removed Pin From Net: NetName=NetQ6_3 Pin=R38-2
Removed Pin From Net: NetName=GND Pin=R39-1
Removed Pin From Net: NetName=NetQ7_3 Pin=R39-2
Removed Pin From Net: NetName=GND Pin=R40-1
Removed Pin From Net: NetName=NetQ8_3 Pin=R40-2
Removed Pin From Net: NetName=GND Pin=R41-1
Removed Pin From Net: NetName=GND Pin=R42-1
Removed Pin From Net: NetName=GND Pin=R43-1
Removed Pin From Net: NetName=GND Pin=R44-1
Removed Pin From Net: NetName=GND Pin=R45-1
Removed Pin From Net: NetName=GND Pin=R46-1
Removed Pin From Net: NetName=GND Pin=R47-1
Removed Pin From Net: NetName=GND Pin=R48-1
Removed Pin From Net: NetName=NetQ2_2 Pin=RELAY2-1
Removed Pin From Net: NetName=NetQ3_2 Pin=RELAY3-1
Removed Pin From Net: NetName=NetQ4_2 Pin=RELAY4-1
Removed Pin From Net: NetName=NetQ5_2 Pin=RELAY5-1
Removed Pin From Net: NetName=NetQ6_2 Pin=RELAY6-1
Removed Pin From Net: NetName=NetQ7_2 Pin=RELAY7-1
Removed Pin From Net: NetName=NetQ8_2 Pin=RELAY8-1
Removed Pin From Net: NetName=VCC Pin=U1-4
Removed Pin From Net: NetName=VCC Pin=U2-4
Removed Pin From Net: NetName=VCC Pin=U3-4
Removed Pin From Net: NetName=VCC Pin=U4-4
Removed Pin From Net: NetName=VCC Pin=U5-4
Removed Pin From Net: NetName=VCC Pin=U6-4
Removed Pin From Net: NetName=VCC Pin=U7-4
Removed Pin From Net: NetName=VCC Pin=U8-4
Removed Pin From Net: NetName=VCC Pin=U9-4
Removed Pin From Net: NetName=VCC Pin=U10-4
Removed Pin From Net: NetName=VCC Pin=U11-4
Removed Pin From Net: NetName=VCC Pin=U12-4
Removed Pin From Net: NetName=VCC Pin=U13-4
Removed Pin From Net: NetName=VCC Pin=U14-4
Removed Pin From Net: NetName=VCC Pin=U15-4
Removed Pin From Net: NetName=VCC Pin=U16-4
Removed Member From Class: ClassName=Sheet1 Member=Q1
Removed Member From Class: ClassName=Sheet1 Member=Q2
Removed Member From Class: ClassName=Sheet1 Member=Q3
Removed Member From Class: ClassName=Sheet1 Member=Q4
Removed Member From Class: ClassName=Sheet1 Member=Q5
Removed Member From Class: ClassName=Sheet1 Member=Q6
Removed Member From Class: ClassName=Sheet1 Member=Q7
Removed Member From Class: ClassName=Sheet1 Member=Q8
Removed Member From Class: ClassName=Sheet1 Member=Q9
Removed Member From Class: ClassName=Sheet1 Member=Q10
Removed Member From Class: ClassName=Sheet1 Member=Q11
Removed Member From Class: ClassName=Sheet1 Member=Q12
Removed Member From Class: ClassName=Sheet1 Member=Q13
Removed Member From Class: ClassName=Sheet1 Member=Q14
Removed Member From Class: ClassName=Sheet1 Member=Q15
Removed Member From Class: ClassName=Sheet1 Member=Q16
Removed Member From Class: ClassName=Sheet1 Member=R7
Removed Member From Class: ClassName=Sheet1 Member=R8
Removed Member From Class: ClassName=Sheet1 Member=R9
Removed Member From Class: ClassName=Sheet1 Member=R10
Removed Member From Class: ClassName=Sheet1 Member=R11
Removed Member From Class: ClassName=Sheet1 Member=R12
Removed Member From Class: ClassName=Sheet1 Member=R19
Removed Member From Class: ClassName=Sheet1 Member=R20
Removed Member From Class: ClassName=Sheet1 Member=R21
Removed Member From Class: ClassName=Sheet1 Member=R22
Removed Member From Class: ClassName=Sheet1 Member=R23
Removed Member From Class: ClassName=Sheet1 Member=R24
Removed Member From Class: ClassName=Sheet1 Member=R29
Removed Member From Class: ClassName=Sheet1 Member=R30
Removed Member From Class: ClassName=Sheet1 Member=R31
Removed Member From Class: ClassName=Sheet1 Member=R32
Removed Member From Class: ClassName=Sheet1 Member=R33
Removed Member From Class: ClassName=Sheet1 Member=R34
Removed Member From Class: ClassName=Sheet1 Member=R35
Removed Member From Class: ClassName=Sheet1 Member=R36
Removed Member From Class: ClassName=Sheet1 Member=R37
Removed Member From Class: ClassName=Sheet1 Member=R38
Removed Member From Class: ClassName=Sheet1 Member=R39
Removed Member From Class: ClassName=Sheet1 Member=R40
Removed Member From Class: ClassName=Sheet1 Member=R41
Removed Member From Class: ClassName=Sheet1 Member=R42
Removed Member From Class: ClassName=Sheet1 Member=R43
Removed Member From Class: ClassName=Sheet1 Member=R44
Removed Member From Class: ClassName=Sheet1 Member=R45
Removed Member From Class: ClassName=Sheet1 Member=R46
Removed Member From Class: ClassName=Sheet1 Member=R47
Removed Member From Class: ClassName=Sheet1 Member=R48
Added Pin To Net: NetName=NetQ1_3 Pin=RELAY2-1
Added Pin To Net: NetName=NetQ2_2 Pin=RELAY3-1
Added Pin To Net: NetName=NetQ2_3 Pin=RELAY4-1
Added Pin To Net: NetName=NetQ3_2 Pin=RELAY5-1
Added Pin To Net: NetName=NetQ3_3 Pin=RELAY6-1
Added Pin To Net: NetName=NetQ4_2 Pin=RELAY7-1
Added Pin To Net: NetName=NetQ4_3 Pin=RELAY8-1
Added Pin To Net: NetName=NetQ5_2 Pin=RELAY9-1
Added Pin To Net: NetName=NetQ5_3 Pin=RELAY10-1
Added Pin To Net: NetName=NetQ6_2 Pin=RELAY11-1
Added Pin To Net: NetName=NetQ6_3 Pin=RELAY12-1
Added Pin To Net: NetName=NetQ7_2 Pin=RELAY13-1
Added Pin To Net: NetName=NetQ7_3 Pin=RELAY14-1
Added Pin To Net: NetName=NetQ8_2 Pin=RELAY15-1
Added Pin To Net: NetName=NetQ8_3 Pin=RELAY16-1
Added Pin To Net: NetName=GND Pin=U1-3
Added Pin To Net: NetName=NetQ1_2 Pin=U1-4
Added Pin To Net: NetName=GND Pin=U2-3
Added Pin To Net: NetName=NetQ1_3 Pin=U2-4
Added Pin To Net: NetName=GND Pin=U3-3
Added Pin To Net: NetName=NetQ2_2 Pin=U3-4
Added Pin To Net: NetName=GND Pin=U4-3
Added Pin To Net: NetName=NetQ2_3 Pin=U4-4
Added Pin To Net: NetName=GND Pin=U5-3
Added Pin To Net: NetName=NetQ3_2 Pin=U5-4
Added Pin To Net: NetName=GND Pin=U6-3
Added Pin To Net: NetName=NetQ3_3 Pin=U6-4
Added Pin To Net: NetName=GND Pin=U7-3
Added Pin To Net: NetName=NetQ4_2 Pin=U7-4
Added Pin To Net: NetName=GND Pin=U8-3
Added Pin To Net: NetName=NetQ4_3 Pin=U8-4
Added Pin To Net: NetName=GND Pin=U9-3
Added Pin To Net: NetName=NetQ5_2 Pin=U9-4
Added Pin To Net: NetName=GND Pin=U10-3
Added Pin To Net: NetName=NetQ5_3 Pin=U10-4
Added Pin To Net: NetName=GND Pin=U11-3
Added Pin To Net: NetName=NetQ6_2 Pin=U11-4
Added Pin To Net: NetName=GND Pin=U12-3
Added Pin To Net: NetName=NetQ6_3 Pin=U12-4
Added Pin To Net: NetName=GND Pin=U13-3
Added Pin To Net: NetName=NetQ7_2 Pin=U13-4
Added Pin To Net: NetName=GND Pin=U14-3
Added Pin To Net: NetName=NetQ7_3 Pin=U14-4
Added Pin To Net: NetName=GND Pin=U15-3
Added Pin To Net: NetName=NetQ8_2 Pin=U15-4
Added Pin To Net: NetName=GND Pin=U16-3
Added Pin To Net: NetName=NetQ8_3 Pin=U16-4
Change Net Name : Old Net Name=NetQ1_2 New Net Name=NetRELAY1_1
Change Net Name : Old Net Name=NetQ1_3 New Net Name=NetRELAY2_1
Change Net Name : Old Net Name=NetQ2_2 New Net Name=NetRELAY3_1
Change Net Name : Old Net Name=NetQ2_3 New Net Name=NetRELAY4_1
Change Net Name : Old Net Name=NetQ3_2 New Net Name=NetRELAY5_1
Change Net Name : Old Net Name=NetQ3_3 New Net Name=NetRELAY6_1
Change Net Name : Old Net Name=NetQ4_2 New Net Name=NetRELAY7_1
Change Net Name : Old Net Name=NetQ4_3 New Net Name=NetRELAY8_1
Change Net Name : Old Net Name=NetQ5_2 New Net Name=NetRELAY9_1
Change Net Name : Old Net Name=NetQ5_3 New Net Name=NetRELAY10_1
Change Net Name : Old Net Name=NetQ6_2 New Net Name=NetRELAY11_1
Change Net Name : Old Net Name=NetQ6_3 New Net Name=NetRELAY12_1
Change Net Name : Old Net Name=NetQ7_2 New Net Name=NetRELAY13_1
Change Net Name : Old Net Name=NetQ7_3 New Net Name=NetRELAY14_1
Change Net Name : Old Net Name=NetQ8_2 New Net Name=NetRELAY15_1
Change Net Name : Old Net Name=NetQ8_3 New Net Name=NetRELAY16_1
