Added Component: Designator=C1(RAD-0.3)
Added Component: Designator=D1(DIODE-0.7)
Added Component: Designator=P1(CON4)
Added Component: Designator=P2(CON4)
Added Component: Designator=P3(CON4)
Added Component: Designator=P4(HDR1X2)
Added Component: Designator=P5(CON4)
Added Component: Designator=P6(CON4)
Added Component: Designator=P7(CON4)
Added Component: Designator=P8(CON4)
Added Component: Designator=P9(CON4)
Added Component: Designator=P10(CON4)
Added Component: Designator=P11(CON4)
Added Component: Designator=P12(CON4)
Added Component: Designator=P13(CON4)
Added Component: Designator=P14(CON4)
Added Component: Designator=P15(CON4)
Added Component: Designator=P16(CON4)
Added Component: Designator=P17(CON4)
Added Component: Designator=R1(C0805)
Added Component: Designator=R2(C0805)
Added Component: Designator=R3(C0805)
Added Component: Designator=R4(C0805)
Added Component: Designator=R5(C0805)
Added Component: Designator=R6(C0805)
Added Component: Designator=R7(C0805)
Added Component: Designator=R8(C0805)
Added Component: Designator=R9(C0805)
Added Component: Designator=R10(C0805)
Added Component: Designator=R11(C0805)
Added Component: Designator=R12(C0805)
Added Component: Designator=R13(C0805)
Added Component: Designator=R14(C0805)
Added Component: Designator=R15(C0805)
Added Component: Designator=R16(C0805)
Added Component: Designator=U1(DIP4)
Added Component: Designator=U2(DIP4)
Added Component: Designator=U3(DIP4)
Added Component: Designator=U4(DIP4)
Added Component: Designator=U5(DIP4)
Added Component: Designator=U6(DIP4)
Added Component: Designator=U7(DIP4)
Added Component: Designator=U8(DIP4)
Added Component: Designator=U9(DIP4)
Added Component: Designator=U10(DIP4)
Added Component: Designator=U11(DIP4)
Added Component: Designator=U12(DIP4)
Added Component: Designator=U13(DIP4)
Added Component: Designator=U14(DIP4)
Added Component: Designator=U15(DIP4)
Added Component: Designator=U16(DIP4)
Added Pin To Net: NetName=GND Pin=C1-1
Added Pin To Net: NetName=GND Pin=D1-1
Added Pin To Net: NetName=GND Pin=P4-1
Added Pin To Net: NetName=GND Pin=U1-3
Added Pin To Net: NetName=GND Pin=U2-3
Added Pin To Net: NetName=GND Pin=U3-3
Added Pin To Net: NetName=GND Pin=U4-3
Added Pin To Net: NetName=GND Pin=U5-3
Added Pin To Net: NetName=GND Pin=U6-3
Added Pin To Net: NetName=GND Pin=U7-3
Added Pin To Net: NetName=GND Pin=U8-3
Added Pin To Net: NetName=GND Pin=U9-3
Added Pin To Net: NetName=GND Pin=U10-3
Added Pin To Net: NetName=GND Pin=U11-3
Added Pin To Net: NetName=GND Pin=U12-3
Added Pin To Net: NetName=GND Pin=U13-3
Added Pin To Net: NetName=GND Pin=U14-3
Added Pin To Net: NetName=GND Pin=U15-3
Added Pin To Net: NetName=GND Pin=U16-3
Added Net: Name=GND
Added Pin To Net: NetName=NetP1_1 Pin=P1-1
Added Pin To Net: NetName=NetP1_1 Pin=U2-2
Added Net: Name=NetP1_1
Added Pin To Net: NetName=NetP1_2 Pin=P1-2
Added Pin To Net: NetName=NetP1_2 Pin=R2-1
Added Net: Name=NetP1_2
Added Pin To Net: NetName=NetP1_3 Pin=P1-3
Added Pin To Net: NetName=NetP1_3 Pin=U1-2
Added Net: Name=NetP1_3
Added Pin To Net: NetName=NetP1_4 Pin=P1-4
Added Pin To Net: NetName=NetP1_4 Pin=R1-1
Added Net: Name=NetP1_4
Added Pin To Net: NetName=NetP2_1 Pin=P2-1
Added Pin To Net: NetName=NetP2_1 Pin=U4-2
Added Net: Name=NetP2_1
Added Pin To Net: NetName=NetP2_2 Pin=P2-2
Added Pin To Net: NetName=NetP2_2 Pin=R4-1
Added Net: Name=NetP2_2
Added Pin To Net: NetName=NetP2_3 Pin=P2-3
Added Pin To Net: NetName=NetP2_3 Pin=U3-2
Added Net: Name=NetP2_3
Added Pin To Net: NetName=NetP2_4 Pin=P2-4
Added Pin To Net: NetName=NetP2_4 Pin=R3-1
Added Net: Name=NetP2_4
Added Pin To Net: NetName=NetP3_1 Pin=P3-1
Added Pin To Net: NetName=NetP3_1 Pin=U6-2
Added Net: Name=NetP3_1
Added Pin To Net: NetName=NetP3_2 Pin=P3-2
Added Pin To Net: NetName=NetP3_2 Pin=R6-1
Added Net: Name=NetP3_2
Added Pin To Net: NetName=NetP3_3 Pin=P3-3
Added Pin To Net: NetName=NetP3_3 Pin=U5-2
Added Net: Name=NetP3_3
Added Pin To Net: NetName=NetP3_4 Pin=P3-4
Added Pin To Net: NetName=NetP3_4 Pin=R5-1
Added Net: Name=NetP3_4
Added Pin To Net: NetName=NetP5_2 Pin=P5-2
Added Net: Name=NetP5_2
Added Pin To Net: NetName=NetP5_4 Pin=P5-4
Added Net: Name=NetP5_4
Added Pin To Net: NetName=NetP6_2 Pin=P6-2
Added Net: Name=NetP6_2
Added Pin To Net: NetName=NetP6_4 Pin=P6-4
Added Net: Name=NetP6_4
Added Pin To Net: NetName=NetP7_2 Pin=P7-2
Added Net: Name=NetP7_2
Added Pin To Net: NetName=NetP7_4 Pin=P7-4
Added Net: Name=NetP7_4
Added Pin To Net: NetName=NetP8_1 Pin=P8-1
Added Pin To Net: NetName=NetP8_1 Pin=U8-2
Added Net: Name=NetP8_1
Added Pin To Net: NetName=NetP8_2 Pin=P8-2
Added Pin To Net: NetName=NetP8_2 Pin=R8-1
Added Net: Name=NetP8_2
Added Pin To Net: NetName=NetP8_3 Pin=P8-3
Added Pin To Net: NetName=NetP8_3 Pin=U7-2
Added Net: Name=NetP8_3
Added Pin To Net: NetName=NetP8_4 Pin=P8-4
Added Pin To Net: NetName=NetP8_4 Pin=R7-1
Added Net: Name=NetP8_4
Added Pin To Net: NetName=NetP9_1 Pin=P9-1
Added Pin To Net: NetName=NetP9_1 Pin=U10-2
Added Net: Name=NetP9_1
Added Pin To Net: NetName=NetP9_2 Pin=P9-2
Added Pin To Net: NetName=NetP9_2 Pin=R10-1
Added Net: Name=NetP9_2
Added Pin To Net: NetName=NetP9_3 Pin=P9-3
Added Pin To Net: NetName=NetP9_3 Pin=U9-2
Added Net: Name=NetP9_3
Added Pin To Net: NetName=NetP9_4 Pin=P9-4
Added Pin To Net: NetName=NetP9_4 Pin=R9-1
Added Net: Name=NetP9_4
Added Pin To Net: NetName=NetP10_1 Pin=P10-1
Added Pin To Net: NetName=NetP10_1 Pin=U12-2
Added Net: Name=NetP10_1
Added Pin To Net: NetName=NetP10_2 Pin=P10-2
Added Pin To Net: NetName=NetP10_2 Pin=R12-1
Added Net: Name=NetP10_2
Added Pin To Net: NetName=NetP10_3 Pin=P10-3
Added Pin To Net: NetName=NetP10_3 Pin=U11-2
Added Net: Name=NetP10_3
Added Pin To Net: NetName=NetP10_4 Pin=P10-4
Added Pin To Net: NetName=NetP10_4 Pin=R11-1
Added Net: Name=NetP10_4
Added Pin To Net: NetName=NetP11_2 Pin=P11-2
Added Net: Name=NetP11_2
Added Pin To Net: NetName=NetP11_4 Pin=P11-4
Added Net: Name=NetP11_4
Added Pin To Net: NetName=NetP12_2 Pin=P12-2
Added Net: Name=NetP12_2
Added Pin To Net: NetName=NetP12_4 Pin=P12-4
Added Net: Name=NetP12_4
Added Pin To Net: NetName=NetP13_2 Pin=P13-2
Added Net: Name=NetP13_2
Added Pin To Net: NetName=NetP13_4 Pin=P13-4
Added Net: Name=NetP13_4
Added Pin To Net: NetName=NetP14_1 Pin=P14-1
Added Pin To Net: NetName=NetP14_1 Pin=U14-2
Added Net: Name=NetP14_1
Added Pin To Net: NetName=NetP14_2 Pin=P14-2
Added Pin To Net: NetName=NetP14_2 Pin=R14-1
Added Net: Name=NetP14_2
Added Pin To Net: NetName=NetP14_3 Pin=P14-3
Added Pin To Net: NetName=NetP14_3 Pin=U13-2
Added Net: Name=NetP14_3
Added Pin To Net: NetName=NetP14_4 Pin=P14-4
Added Pin To Net: NetName=NetP14_4 Pin=R13-1
Added Net: Name=NetP14_4
Added Pin To Net: NetName=NetP15_1 Pin=P15-1
Added Pin To Net: NetName=NetP15_1 Pin=U16-2
Added Net: Name=NetP15_1
Added Pin To Net: NetName=NetP15_2 Pin=P15-2
Added Pin To Net: NetName=NetP15_2 Pin=R16-1
Added Net: Name=NetP15_2
Added Pin To Net: NetName=NetP15_3 Pin=P15-3
Added Pin To Net: NetName=NetP15_3 Pin=U15-2
Added Net: Name=NetP15_3
Added Pin To Net: NetName=NetP15_4 Pin=P15-4
Added Pin To Net: NetName=NetP15_4 Pin=R15-1
Added Net: Name=NetP15_4
Added Pin To Net: NetName=NetP16_2 Pin=P16-2
Added Net: Name=NetP16_2
Added Pin To Net: NetName=NetP16_4 Pin=P16-4
Added Net: Name=NetP16_4
Added Pin To Net: NetName=NetP17_2 Pin=P17-2
Added Net: Name=NetP17_2
Added Pin To Net: NetName=NetP17_4 Pin=P17-4
Added Net: Name=NetP17_4
Added Pin To Net: NetName=NetR1_2 Pin=R1-2
Added Pin To Net: NetName=NetR1_2 Pin=U1-1
Added Net: Name=NetR1_2
Added Pin To Net: NetName=NetR2_2 Pin=R2-2
Added Pin To Net: NetName=NetR2_2 Pin=U2-1
Added Net: Name=NetR2_2
Added Pin To Net: NetName=NetR3_2 Pin=R3-2
Added Pin To Net: NetName=NetR3_2 Pin=U3-1
Added Net: Name=NetR3_2
Added Pin To Net: NetName=NetR4_2 Pin=R4-2
Added Pin To Net: NetName=NetR4_2 Pin=U4-1
Added Net: Name=NetR4_2
Added Pin To Net: NetName=NetR5_2 Pin=R5-2
Added Pin To Net: NetName=NetR5_2 Pin=U5-1
Added Net: Name=NetR5_2
Added Pin To Net: NetName=NetR6_2 Pin=R6-2
Added Pin To Net: NetName=NetR6_2 Pin=U6-1
Added Net: Name=NetR6_2
Added Pin To Net: NetName=NetR7_2 Pin=R7-2
Added Pin To Net: NetName=NetR7_2 Pin=U7-1
Added Net: Name=NetR7_2
Added Pin To Net: NetName=NetR8_2 Pin=R8-2
Added Pin To Net: NetName=NetR8_2 Pin=U8-1
Added Net: Name=NetR8_2
Added Pin To Net: NetName=NetR9_2 Pin=R9-2
Added Pin To Net: NetName=NetR9_2 Pin=U9-1
Added Net: Name=NetR9_2
Added Pin To Net: NetName=NetR10_2 Pin=R10-2
Added Pin To Net: NetName=NetR10_2 Pin=U10-1
Added Net: Name=NetR10_2
Added Pin To Net: NetName=NetR11_2 Pin=R11-2
Added Pin To Net: NetName=NetR11_2 Pin=U11-1
Added Net: Name=NetR11_2
Added Pin To Net: NetName=NetR12_2 Pin=R12-2
Added Pin To Net: NetName=NetR12_2 Pin=U12-1
Added Net: Name=NetR12_2
Added Pin To Net: NetName=NetR13_2 Pin=R13-2
Added Pin To Net: NetName=NetR13_2 Pin=U13-1
Added Net: Name=NetR13_2
Added Pin To Net: NetName=NetR14_2 Pin=R14-2
Added Pin To Net: NetName=NetR14_2 Pin=U14-1
Added Net: Name=NetR14_2
Added Pin To Net: NetName=NetR15_2 Pin=R15-2
Added Pin To Net: NetName=NetR15_2 Pin=U15-1
Added Net: Name=NetR15_2
Added Pin To Net: NetName=NetR16_2 Pin=R16-2
Added Pin To Net: NetName=NetR16_2 Pin=U16-1
Added Net: Name=NetR16_2
Added Pin To Net: NetName=NetRELAY1_1 Pin=U1-4
Added Net: Name=NetRELAY1_1
Added Pin To Net: NetName=NetRELAY2_1 Pin=U2-4
Added Net: Name=NetRELAY2_1
Added Pin To Net: NetName=NetRELAY3_1 Pin=U3-4
Added Net: Name=NetRELAY3_1
Added Pin To Net: NetName=NetRELAY4_1 Pin=U4-4
Added Net: Name=NetRELAY4_1
Added Pin To Net: NetName=NetRELAY5_1 Pin=U5-4
Added Net: Name=NetRELAY5_1
Added Pin To Net: NetName=NetRELAY6_1 Pin=U6-4
Added Net: Name=NetRELAY6_1
Added Pin To Net: NetName=NetRELAY7_1 Pin=U7-4
Added Net: Name=NetRELAY7_1
Added Pin To Net: NetName=NetRELAY8_1 Pin=U8-4
Added Net: Name=NetRELAY8_1
Added Pin To Net: NetName=NetRELAY9_1 Pin=U9-4
Added Net: Name=NetRELAY9_1
Added Pin To Net: NetName=NetRELAY10_1 Pin=U10-4
Added Net: Name=NetRELAY10_1
Added Pin To Net: NetName=NetRELAY11_1 Pin=U11-4
Added Net: Name=NetRELAY11_1
Added Pin To Net: NetName=NetRELAY12_1 Pin=U12-4
Added Net: Name=NetRELAY12_1
Added Pin To Net: NetName=NetRELAY13_1 Pin=U13-4
Added Net: Name=NetRELAY13_1
Added Pin To Net: NetName=NetRELAY14_1 Pin=U14-4
Added Net: Name=NetRELAY14_1
Added Pin To Net: NetName=NetRELAY15_1 Pin=U15-4
Added Net: Name=NetRELAY15_1
Added Pin To Net: NetName=NetRELAY16_1 Pin=U16-4
Added Net: Name=NetRELAY16_1
Added Pin To Net: NetName=VCC Pin=C1-2
Added Pin To Net: NetName=VCC Pin=D1-2
Added Pin To Net: NetName=VCC Pin=P4-2
Added Net: Name=VCC
Added Class: Name=Sheet1
Added Room: Name=Sheet1
